ERROR - 2023-05-24 03:00:02 --> ErrorException: SQLite3::exec(): UNIQUE constraint failed: buku.Kode_Buku in C:\xampp\htdocs\pw10part2\system\Database\SQLite3\Connection.php:145
Stack trace:
#0 [internal function]: CodeIgniter\Debug\Exceptions->errorHandler(2, 'SQLite3::exec()...', 'C:\\xampp\\htdocs...', 145)
#1 C:\xampp\htdocs\pw10part2\system\Database\SQLite3\Connection.php(145): SQLite3->exec('INSERT INTO buk...')
#2 C:\xampp\htdocs\pw10part2\system\Database\BaseConnection.php(691): CodeIgniter\Database\SQLite3\Connection->execute('INSERT INTO buk...')
#3 C:\xampp\htdocs\pw10part2\system\Database\BaseConnection.php(605): CodeIgniter\Database\BaseConnection->simpleQuery('INSERT INTO buk...')
#4 C:\xampp\htdocs\pw10part2\app\Models\Mdata.php(85): CodeIgniter\Database\BaseConnection->query('INSERT INTO buk...')
#5 C:\xampp\htdocs\pw10part2\app\Controllers\Basis.php(100): App\Models\Mdata->TambahData('1212', 'ibnushina', '1212', '221', '103', '1211', 'f')
#6 C:\xampp\htdocs\pw10part2\system\CodeIgniter.php(934): App\Controllers\Basis->TambahData()
#7 C:\xampp\htdocs\pw10part2\system\CodeIgniter.php(499): CodeIgniter\CodeIgniter->runController(Object(App\Controllers\Basis))
#8 C:\xampp\htdocs\pw10part2\system\CodeIgniter.php(368): CodeIgniter\CodeIgniter->handleRequest(NULL, Object(Config\Cache), false)
#9 C:\xampp\htdocs\pw10part2\index.php(67): CodeIgniter\CodeIgniter->run()
#10 {main}
CRITICAL - 2023-05-24 03:00:02 --> SQLite3::exec(): UNIQUE constraint failed: buku.Kode_Buku
in SYSTEMPATH\Database\SQLite3\Connection.php on line 145.
 1 [internal function]: CodeIgniter\Debug\Exceptions->errorHandler(2, 'SQLite3::exec(): UNIQUE constraint failed: buku.Kode_Buku', 'C:\\xampp\\htdocs\\pw10part2\\system\\Database\\SQLite3\\Connection.php', 145)
 2 SYSTEMPATH\Database\SQLite3\Connection.php(145): SQLite3->exec('INSERT INTO buku VALUES(\'1212\',\'ibnushina\',\'221\',\'103\',\'1212\',\'1211\',\'f\')')
 3 SYSTEMPATH\Database\BaseConnection.php(691): CodeIgniter\Database\SQLite3\Connection->execute('INSERT INTO buku VALUES(\'1212\',\'ibnushina\',\'221\',\'103\',\'1212\',\'1211\',\'f\')')
 4 SYSTEMPATH\Database\BaseConnection.php(605): CodeIgniter\Database\BaseConnection->simpleQuery('INSERT INTO buku VALUES(\'1212\',\'ibnushina\',\'221\',\'103\',\'1212\',\'1211\',\'f\')')
 5 APPPATH\Models\Mdata.php(85): CodeIgniter\Database\BaseConnection->query('INSERT INTO buku VALUES(\'1212\',\'ibnushina\',\'221\',\'103\',\'1212\',\'1211\',\'f\')')
 6 APPPATH\Controllers\Basis.php(100): App\Models\Mdata->TambahData('1212', 'ibnushina', '1212', '221', '103', '1211', 'f')
 7 SYSTEMPATH\CodeIgniter.php(934): App\Controllers\Basis->TambahData()
 8 SYSTEMPATH\CodeIgniter.php(499): CodeIgniter\CodeIgniter->runController(Object(App\Controllers\Basis))
 9 SYSTEMPATH\CodeIgniter.php(368): CodeIgniter\CodeIgniter->handleRequest(null, Object(Config\Cache), false)
10 FCPATH\index.php(67): CodeIgniter\CodeIgniter->run()
ERROR - 2023-05-24 03:00:09 --> ErrorException: SQLite3::exec(): UNIQUE constraint failed: buku.Kode_Buku in C:\xampp\htdocs\pw10part2\system\Database\SQLite3\Connection.php:145
Stack trace:
#0 [internal function]: CodeIgniter\Debug\Exceptions->errorHandler(2, 'SQLite3::exec()...', 'C:\\xampp\\htdocs...', 145)
#1 C:\xampp\htdocs\pw10part2\system\Database\SQLite3\Connection.php(145): SQLite3->exec('INSERT INTO buk...')
#2 C:\xampp\htdocs\pw10part2\system\Database\BaseConnection.php(691): CodeIgniter\Database\SQLite3\Connection->execute('INSERT INTO buk...')
#3 C:\xampp\htdocs\pw10part2\system\Database\BaseConnection.php(605): CodeIgniter\Database\BaseConnection->simpleQuery('INSERT INTO buk...')
#4 C:\xampp\htdocs\pw10part2\app\Models\Mdata.php(85): CodeIgniter\Database\BaseConnection->query('INSERT INTO buk...')
#5 C:\xampp\htdocs\pw10part2\app\Controllers\Basis.php(100): App\Models\Mdata->TambahData('1212', 'ibnushina', '1212', '221', '103', '1211', 'f')
#6 C:\xampp\htdocs\pw10part2\system\CodeIgniter.php(934): App\Controllers\Basis->TambahData()
#7 C:\xampp\htdocs\pw10part2\system\CodeIgniter.php(499): CodeIgniter\CodeIgniter->runController(Object(App\Controllers\Basis))
#8 C:\xampp\htdocs\pw10part2\system\CodeIgniter.php(368): CodeIgniter\CodeIgniter->handleRequest(NULL, Object(Config\Cache), false)
#9 C:\xampp\htdocs\pw10part2\index.php(67): CodeIgniter\CodeIgniter->run()
#10 {main}
CRITICAL - 2023-05-24 03:00:09 --> SQLite3::exec(): UNIQUE constraint failed: buku.Kode_Buku
in SYSTEMPATH\Database\SQLite3\Connection.php on line 145.
 1 [internal function]: CodeIgniter\Debug\Exceptions->errorHandler(2, 'SQLite3::exec(): UNIQUE constraint failed: buku.Kode_Buku', 'C:\\xampp\\htdocs\\pw10part2\\system\\Database\\SQLite3\\Connection.php', 145)
 2 SYSTEMPATH\Database\SQLite3\Connection.php(145): SQLite3->exec('INSERT INTO buku VALUES(\'1212\',\'ibnushina\',\'221\',\'103\',\'1212\',\'1211\',\'f\')')
 3 SYSTEMPATH\Database\BaseConnection.php(691): CodeIgniter\Database\SQLite3\Connection->execute('INSERT INTO buku VALUES(\'1212\',\'ibnushina\',\'221\',\'103\',\'1212\',\'1211\',\'f\')')
 4 SYSTEMPATH\Database\BaseConnection.php(605): CodeIgniter\Database\BaseConnection->simpleQuery('INSERT INTO buku VALUES(\'1212\',\'ibnushina\',\'221\',\'103\',\'1212\',\'1211\',\'f\')')
 5 APPPATH\Models\Mdata.php(85): CodeIgniter\Database\BaseConnection->query('INSERT INTO buku VALUES(\'1212\',\'ibnushina\',\'221\',\'103\',\'1212\',\'1211\',\'f\')')
 6 APPPATH\Controllers\Basis.php(100): App\Models\Mdata->TambahData('1212', 'ibnushina', '1212', '221', '103', '1211', 'f')
 7 SYSTEMPATH\CodeIgniter.php(934): App\Controllers\Basis->TambahData()
 8 SYSTEMPATH\CodeIgniter.php(499): CodeIgniter\CodeIgniter->runController(Object(App\Controllers\Basis))
 9 SYSTEMPATH\CodeIgniter.php(368): CodeIgniter\CodeIgniter->handleRequest(null, Object(Config\Cache), false)
10 FCPATH\index.php(67): CodeIgniter\CodeIgniter->run()
