CRITICAL - 2023-05-17 04:32:02 --> Class "Locale" not found
in SYSTEMPATH\CodeIgniter.php on line 194.
 1 FCPATH\index.php(55): CodeIgniter\CodeIgniter->initialize()
CRITICAL - 2023-05-17 04:37:13 --> Class "Locale" not found
in SYSTEMPATH\CodeIgniter.php on line 194.
 1 FCPATH\index.php(55): CodeIgniter\CodeIgniter->initialize()
ERROR - 2023-05-17 15:28:54 --> mysqli_sql_exception: Unknown column 'Kode' in 'where clause' in C:\xampp\htdocs\pw9\system\Database\MySQLi\Connection.php:295
Stack trace:
#0 C:\xampp\htdocs\pw9\system\Database\MySQLi\Connection.php(295): mysqli->query('UPDATE buku SET...', 0)
#1 C:\xampp\htdocs\pw9\system\Database\BaseConnection.php(691): CodeIgniter\Database\MySQLi\Connection->execute('UPDATE buku SET...')
#2 C:\xampp\htdocs\pw9\system\Database\BaseConnection.php(605): CodeIgniter\Database\BaseConnection->simpleQuery('UPDATE buku SET...')
#3 C:\xampp\htdocs\pw9\app\Models\Mdata.php(108): CodeIgniter\Database\BaseConnection->query('UPDATE buku SET...')
#4 C:\xampp\htdocs\pw9\app\Controllers\Basis.php(142): App\Models\Mdata->UpdateData('1212', 'yusril', '1212', '219', '101', '1212', '121')
#5 C:\xampp\htdocs\pw9\system\CodeIgniter.php(934): App\Controllers\Basis->UpdateData()
#6 C:\xampp\htdocs\pw9\system\CodeIgniter.php(499): CodeIgniter\CodeIgniter->runController(Object(App\Controllers\Basis))
#7 C:\xampp\htdocs\pw9\system\CodeIgniter.php(368): CodeIgniter\CodeIgniter->handleRequest(NULL, Object(Config\Cache), false)
#8 C:\xampp\htdocs\pw9\index.php(67): CodeIgniter\CodeIgniter->run()
#9 {main}
CRITICAL - 2023-05-17 15:28:54 --> Unknown column 'Kode' in 'where clause'
in SYSTEMPATH\Database\MySQLi\Connection.php on line 295.
 1 SYSTEMPATH\Database\MySQLi\Connection.php(295): mysqli->query('UPDATE buku SET Judul=\'yusril\', ID_Pengarang=\'219\', ID_Penerbit=\'101\', ISBN =\'1212\',Tahun_Terbit=\'1212\', Rah=\'121\' WHERE Kode=\'1212\'', 0)
 2 SYSTEMPATH\Database\BaseConnection.php(691): CodeIgniter\Database\MySQLi\Connection->execute('UPDATE buku SET Judul=\'yusril\', ID_Pengarang=\'219\', ID_Penerbit=\'101\', ISBN =\'1212\',Tahun_Terbit=\'1212\', Rah=\'121\' WHERE Kode=\'1212\'')
 3 SYSTEMPATH\Database\BaseConnection.php(605): CodeIgniter\Database\BaseConnection->simpleQuery('UPDATE buku SET Judul=\'yusril\', ID_Pengarang=\'219\', ID_Penerbit=\'101\', ISBN =\'1212\',Tahun_Terbit=\'1212\', Rah=\'121\' WHERE Kode=\'1212\'')
 4 APPPATH\Models\Mdata.php(108): CodeIgniter\Database\BaseConnection->query('UPDATE buku SET Judul=\'yusril\', ID_Pengarang=\'219\', ID_Penerbit=\'101\', ISBN =\'1212\',Tahun_Terbit=\'1212\', Rah=\'121\' WHERE Kode=\'1212\'')
 5 APPPATH\Controllers\Basis.php(142): App\Models\Mdata->UpdateData('1212', 'yusril', '1212', '219', '101', '1212', '121')
 6 SYSTEMPATH\CodeIgniter.php(934): App\Controllers\Basis->UpdateData()
 7 SYSTEMPATH\CodeIgniter.php(499): CodeIgniter\CodeIgniter->runController(Object(App\Controllers\Basis))
 8 SYSTEMPATH\CodeIgniter.php(368): CodeIgniter\CodeIgniter->handleRequest(null, Object(Config\Cache), false)
 9 FCPATH\index.php(67): CodeIgniter\CodeIgniter->run()
ERROR - 2023-05-17 15:28:58 --> mysqli_sql_exception: Unknown column 'Kode' in 'where clause' in C:\xampp\htdocs\pw9\system\Database\MySQLi\Connection.php:295
Stack trace:
#0 C:\xampp\htdocs\pw9\system\Database\MySQLi\Connection.php(295): mysqli->query('UPDATE buku SET...', 0)
#1 C:\xampp\htdocs\pw9\system\Database\BaseConnection.php(691): CodeIgniter\Database\MySQLi\Connection->execute('UPDATE buku SET...')
#2 C:\xampp\htdocs\pw9\system\Database\BaseConnection.php(605): CodeIgniter\Database\BaseConnection->simpleQuery('UPDATE buku SET...')
#3 C:\xampp\htdocs\pw9\app\Models\Mdata.php(108): CodeIgniter\Database\BaseConnection->query('UPDATE buku SET...')
#4 C:\xampp\htdocs\pw9\app\Controllers\Basis.php(142): App\Models\Mdata->UpdateData('1212', 'yusril', '1212', '219', '101', '1212', '121')
#5 C:\xampp\htdocs\pw9\system\CodeIgniter.php(934): App\Controllers\Basis->UpdateData()
#6 C:\xampp\htdocs\pw9\system\CodeIgniter.php(499): CodeIgniter\CodeIgniter->runController(Object(App\Controllers\Basis))
#7 C:\xampp\htdocs\pw9\system\CodeIgniter.php(368): CodeIgniter\CodeIgniter->handleRequest(NULL, Object(Config\Cache), false)
#8 C:\xampp\htdocs\pw9\index.php(67): CodeIgniter\CodeIgniter->run()
#9 {main}
CRITICAL - 2023-05-17 15:28:58 --> Unknown column 'Kode' in 'where clause'
in SYSTEMPATH\Database\MySQLi\Connection.php on line 295.
 1 SYSTEMPATH\Database\MySQLi\Connection.php(295): mysqli->query('UPDATE buku SET Judul=\'yusril\', ID_Pengarang=\'219\', ID_Penerbit=\'101\', ISBN =\'1212\',Tahun_Terbit=\'1212\', Rah=\'121\' WHERE Kode=\'1212\'', 0)
 2 SYSTEMPATH\Database\BaseConnection.php(691): CodeIgniter\Database\MySQLi\Connection->execute('UPDATE buku SET Judul=\'yusril\', ID_Pengarang=\'219\', ID_Penerbit=\'101\', ISBN =\'1212\',Tahun_Terbit=\'1212\', Rah=\'121\' WHERE Kode=\'1212\'')
 3 SYSTEMPATH\Database\BaseConnection.php(605): CodeIgniter\Database\BaseConnection->simpleQuery('UPDATE buku SET Judul=\'yusril\', ID_Pengarang=\'219\', ID_Penerbit=\'101\', ISBN =\'1212\',Tahun_Terbit=\'1212\', Rah=\'121\' WHERE Kode=\'1212\'')
 4 APPPATH\Models\Mdata.php(108): CodeIgniter\Database\BaseConnection->query('UPDATE buku SET Judul=\'yusril\', ID_Pengarang=\'219\', ID_Penerbit=\'101\', ISBN =\'1212\',Tahun_Terbit=\'1212\', Rah=\'121\' WHERE Kode=\'1212\'')
 5 APPPATH\Controllers\Basis.php(142): App\Models\Mdata->UpdateData('1212', 'yusril', '1212', '219', '101', '1212', '121')
 6 SYSTEMPATH\CodeIgniter.php(934): App\Controllers\Basis->UpdateData()
 7 SYSTEMPATH\CodeIgniter.php(499): CodeIgniter\CodeIgniter->runController(Object(App\Controllers\Basis))
 8 SYSTEMPATH\CodeIgniter.php(368): CodeIgniter\CodeIgniter->handleRequest(null, Object(Config\Cache), false)
 9 FCPATH\index.php(67): CodeIgniter\CodeIgniter->run()
ERROR - 2023-05-17 15:29:49 --> mysqli_sql_exception: Unknown column 'Kode' in 'where clause' in C:\xampp\htdocs\pw9\system\Database\MySQLi\Connection.php:295
Stack trace:
#0 C:\xampp\htdocs\pw9\system\Database\MySQLi\Connection.php(295): mysqli->query('UPDATE buku SET...', 0)
#1 C:\xampp\htdocs\pw9\system\Database\BaseConnection.php(691): CodeIgniter\Database\MySQLi\Connection->execute('UPDATE buku SET...')
#2 C:\xampp\htdocs\pw9\system\Database\BaseConnection.php(605): CodeIgniter\Database\BaseConnection->simpleQuery('UPDATE buku SET...')
#3 C:\xampp\htdocs\pw9\app\Models\Mdata.php(108): CodeIgniter\Database\BaseConnection->query('UPDATE buku SET...')
#4 C:\xampp\htdocs\pw9\app\Controllers\Basis.php(142): App\Models\Mdata->UpdateData('1212', 'yusril', '1212', '219', '101', '1212', '121')
#5 C:\xampp\htdocs\pw9\system\CodeIgniter.php(934): App\Controllers\Basis->UpdateData()
#6 C:\xampp\htdocs\pw9\system\CodeIgniter.php(499): CodeIgniter\CodeIgniter->runController(Object(App\Controllers\Basis))
#7 C:\xampp\htdocs\pw9\system\CodeIgniter.php(368): CodeIgniter\CodeIgniter->handleRequest(NULL, Object(Config\Cache), false)
#8 C:\xampp\htdocs\pw9\index.php(67): CodeIgniter\CodeIgniter->run()
#9 {main}
CRITICAL - 2023-05-17 15:29:49 --> Unknown column 'Kode' in 'where clause'
in SYSTEMPATH\Database\MySQLi\Connection.php on line 295.
 1 SYSTEMPATH\Database\MySQLi\Connection.php(295): mysqli->query('UPDATE buku SET Judul=\'yusril\', ID_Pengarang=\'219\', ID_Penerbit=\'101\', ISBN =\'1212\',Tahun_Terbit=\'1212\', Rah=\'121\' WHERE Kode=\'1212\'', 0)
 2 SYSTEMPATH\Database\BaseConnection.php(691): CodeIgniter\Database\MySQLi\Connection->execute('UPDATE buku SET Judul=\'yusril\', ID_Pengarang=\'219\', ID_Penerbit=\'101\', ISBN =\'1212\',Tahun_Terbit=\'1212\', Rah=\'121\' WHERE Kode=\'1212\'')
 3 SYSTEMPATH\Database\BaseConnection.php(605): CodeIgniter\Database\BaseConnection->simpleQuery('UPDATE buku SET Judul=\'yusril\', ID_Pengarang=\'219\', ID_Penerbit=\'101\', ISBN =\'1212\',Tahun_Terbit=\'1212\', Rah=\'121\' WHERE Kode=\'1212\'')
 4 APPPATH\Models\Mdata.php(108): CodeIgniter\Database\BaseConnection->query('UPDATE buku SET Judul=\'yusril\', ID_Pengarang=\'219\', ID_Penerbit=\'101\', ISBN =\'1212\',Tahun_Terbit=\'1212\', Rah=\'121\' WHERE Kode=\'1212\'')
 5 APPPATH\Controllers\Basis.php(142): App\Models\Mdata->UpdateData('1212', 'yusril', '1212', '219', '101', '1212', '121')
 6 SYSTEMPATH\CodeIgniter.php(934): App\Controllers\Basis->UpdateData()
 7 SYSTEMPATH\CodeIgniter.php(499): CodeIgniter\CodeIgniter->runController(Object(App\Controllers\Basis))
 8 SYSTEMPATH\CodeIgniter.php(368): CodeIgniter\CodeIgniter->handleRequest(null, Object(Config\Cache), false)
 9 FCPATH\index.php(67): CodeIgniter\CodeIgniter->run()
ERROR - 2023-05-17 15:32:20 --> mysqli_sql_exception: Unknown column 'Kode' in 'where clause' in C:\xampp\htdocs\pw9\system\Database\MySQLi\Connection.php:295
Stack trace:
#0 C:\xampp\htdocs\pw9\system\Database\MySQLi\Connection.php(295): mysqli->query('UPDATE buku SET...', 0)
#1 C:\xampp\htdocs\pw9\system\Database\BaseConnection.php(691): CodeIgniter\Database\MySQLi\Connection->execute('UPDATE buku SET...')
#2 C:\xampp\htdocs\pw9\system\Database\BaseConnection.php(605): CodeIgniter\Database\BaseConnection->simpleQuery('UPDATE buku SET...')
#3 C:\xampp\htdocs\pw9\app\Models\Mdata.php(108): CodeIgniter\Database\BaseConnection->query('UPDATE buku SET...')
#4 C:\xampp\htdocs\pw9\app\Controllers\Basis.php(142): App\Models\Mdata->UpdateData('1212', 'yusril', '1212', '219', '101', '1212', '121')
#5 C:\xampp\htdocs\pw9\system\CodeIgniter.php(934): App\Controllers\Basis->UpdateData()
#6 C:\xampp\htdocs\pw9\system\CodeIgniter.php(499): CodeIgniter\CodeIgniter->runController(Object(App\Controllers\Basis))
#7 C:\xampp\htdocs\pw9\system\CodeIgniter.php(368): CodeIgniter\CodeIgniter->handleRequest(NULL, Object(Config\Cache), false)
#8 C:\xampp\htdocs\pw9\index.php(67): CodeIgniter\CodeIgniter->run()
#9 {main}
CRITICAL - 2023-05-17 15:32:20 --> Unknown column 'Kode' in 'where clause'
in SYSTEMPATH\Database\MySQLi\Connection.php on line 295.
 1 SYSTEMPATH\Database\MySQLi\Connection.php(295): mysqli->query('UPDATE buku SET Judul=\'yusril\', ID_Pengarang=\'219\', ID_Penerbit=\'101\', ISBN =\'1212\',Tahun_Terbit=\'1212\', Rak=\'121\' WHERE Kode=\'1212\'', 0)
 2 SYSTEMPATH\Database\BaseConnection.php(691): CodeIgniter\Database\MySQLi\Connection->execute('UPDATE buku SET Judul=\'yusril\', ID_Pengarang=\'219\', ID_Penerbit=\'101\', ISBN =\'1212\',Tahun_Terbit=\'1212\', Rak=\'121\' WHERE Kode=\'1212\'')
 3 SYSTEMPATH\Database\BaseConnection.php(605): CodeIgniter\Database\BaseConnection->simpleQuery('UPDATE buku SET Judul=\'yusril\', ID_Pengarang=\'219\', ID_Penerbit=\'101\', ISBN =\'1212\',Tahun_Terbit=\'1212\', Rak=\'121\' WHERE Kode=\'1212\'')
 4 APPPATH\Models\Mdata.php(108): CodeIgniter\Database\BaseConnection->query('UPDATE buku SET Judul=\'yusril\', ID_Pengarang=\'219\', ID_Penerbit=\'101\', ISBN =\'1212\',Tahun_Terbit=\'1212\', Rak=\'121\' WHERE Kode=\'1212\'')
 5 APPPATH\Controllers\Basis.php(142): App\Models\Mdata->UpdateData('1212', 'yusril', '1212', '219', '101', '1212', '121')
 6 SYSTEMPATH\CodeIgniter.php(934): App\Controllers\Basis->UpdateData()
 7 SYSTEMPATH\CodeIgniter.php(499): CodeIgniter\CodeIgniter->runController(Object(App\Controllers\Basis))
 8 SYSTEMPATH\CodeIgniter.php(368): CodeIgniter\CodeIgniter->handleRequest(null, Object(Config\Cache), false)
 9 FCPATH\index.php(67): CodeIgniter\CodeIgniter->run()
ERROR - 2023-05-17 15:32:23 --> mysqli_sql_exception: Unknown column 'Kode' in 'where clause' in C:\xampp\htdocs\pw9\system\Database\MySQLi\Connection.php:295
Stack trace:
#0 C:\xampp\htdocs\pw9\system\Database\MySQLi\Connection.php(295): mysqli->query('UPDATE buku SET...', 0)
#1 C:\xampp\htdocs\pw9\system\Database\BaseConnection.php(691): CodeIgniter\Database\MySQLi\Connection->execute('UPDATE buku SET...')
#2 C:\xampp\htdocs\pw9\system\Database\BaseConnection.php(605): CodeIgniter\Database\BaseConnection->simpleQuery('UPDATE buku SET...')
#3 C:\xampp\htdocs\pw9\app\Models\Mdata.php(108): CodeIgniter\Database\BaseConnection->query('UPDATE buku SET...')
#4 C:\xampp\htdocs\pw9\app\Controllers\Basis.php(142): App\Models\Mdata->UpdateData('1212', 'yusril', '1212', '219', '101', '1212', '121')
#5 C:\xampp\htdocs\pw9\system\CodeIgniter.php(934): App\Controllers\Basis->UpdateData()
#6 C:\xampp\htdocs\pw9\system\CodeIgniter.php(499): CodeIgniter\CodeIgniter->runController(Object(App\Controllers\Basis))
#7 C:\xampp\htdocs\pw9\system\CodeIgniter.php(368): CodeIgniter\CodeIgniter->handleRequest(NULL, Object(Config\Cache), false)
#8 C:\xampp\htdocs\pw9\index.php(67): CodeIgniter\CodeIgniter->run()
#9 {main}
CRITICAL - 2023-05-17 15:32:23 --> Unknown column 'Kode' in 'where clause'
in SYSTEMPATH\Database\MySQLi\Connection.php on line 295.
 1 SYSTEMPATH\Database\MySQLi\Connection.php(295): mysqli->query('UPDATE buku SET Judul=\'yusril\', ID_Pengarang=\'219\', ID_Penerbit=\'101\', ISBN =\'1212\',Tahun_Terbit=\'1212\', Rak=\'121\' WHERE Kode=\'1212\'', 0)
 2 SYSTEMPATH\Database\BaseConnection.php(691): CodeIgniter\Database\MySQLi\Connection->execute('UPDATE buku SET Judul=\'yusril\', ID_Pengarang=\'219\', ID_Penerbit=\'101\', ISBN =\'1212\',Tahun_Terbit=\'1212\', Rak=\'121\' WHERE Kode=\'1212\'')
 3 SYSTEMPATH\Database\BaseConnection.php(605): CodeIgniter\Database\BaseConnection->simpleQuery('UPDATE buku SET Judul=\'yusril\', ID_Pengarang=\'219\', ID_Penerbit=\'101\', ISBN =\'1212\',Tahun_Terbit=\'1212\', Rak=\'121\' WHERE Kode=\'1212\'')
 4 APPPATH\Models\Mdata.php(108): CodeIgniter\Database\BaseConnection->query('UPDATE buku SET Judul=\'yusril\', ID_Pengarang=\'219\', ID_Penerbit=\'101\', ISBN =\'1212\',Tahun_Terbit=\'1212\', Rak=\'121\' WHERE Kode=\'1212\'')
 5 APPPATH\Controllers\Basis.php(142): App\Models\Mdata->UpdateData('1212', 'yusril', '1212', '219', '101', '1212', '121')
 6 SYSTEMPATH\CodeIgniter.php(934): App\Controllers\Basis->UpdateData()
 7 SYSTEMPATH\CodeIgniter.php(499): CodeIgniter\CodeIgniter->runController(Object(App\Controllers\Basis))
 8 SYSTEMPATH\CodeIgniter.php(368): CodeIgniter\CodeIgniter->handleRequest(null, Object(Config\Cache), false)
 9 FCPATH\index.php(67): CodeIgniter\CodeIgniter->run()
ERROR - 2023-05-17 15:33:43 --> mysqli_sql_exception: Unknown column 'Kode' in 'where clause' in C:\xampp\htdocs\pw9\system\Database\MySQLi\Connection.php:295
Stack trace:
#0 C:\xampp\htdocs\pw9\system\Database\MySQLi\Connection.php(295): mysqli->query('UPDATE buku SET...', 0)
#1 C:\xampp\htdocs\pw9\system\Database\BaseConnection.php(691): CodeIgniter\Database\MySQLi\Connection->execute('UPDATE buku SET...')
#2 C:\xampp\htdocs\pw9\system\Database\BaseConnection.php(605): CodeIgniter\Database\BaseConnection->simpleQuery('UPDATE buku SET...')
#3 C:\xampp\htdocs\pw9\app\Models\Mdata.php(108): CodeIgniter\Database\BaseConnection->query('UPDATE buku SET...')
#4 C:\xampp\htdocs\pw9\app\Controllers\Basis.php(142): App\Models\Mdata->UpdateData('1212', 'yusril', '1212', '219', '101', '1212', '121')
#5 C:\xampp\htdocs\pw9\system\CodeIgniter.php(934): App\Controllers\Basis->UpdateData()
#6 C:\xampp\htdocs\pw9\system\CodeIgniter.php(499): CodeIgniter\CodeIgniter->runController(Object(App\Controllers\Basis))
#7 C:\xampp\htdocs\pw9\system\CodeIgniter.php(368): CodeIgniter\CodeIgniter->handleRequest(NULL, Object(Config\Cache), false)
#8 C:\xampp\htdocs\pw9\index.php(67): CodeIgniter\CodeIgniter->run()
#9 {main}
CRITICAL - 2023-05-17 15:33:43 --> Unknown column 'Kode' in 'where clause'
in SYSTEMPATH\Database\MySQLi\Connection.php on line 295.
 1 SYSTEMPATH\Database\MySQLi\Connection.php(295): mysqli->query('UPDATE buku SET Judul=\'yusril\', ID_Pengarang=\'219\', ID_Penerbit=\'101\', ISBN =\'1212\',Tahun_Terbit=\'1212\', Rak=\'121\' WHERE Kode=\'1212\'', 0)
 2 SYSTEMPATH\Database\BaseConnection.php(691): CodeIgniter\Database\MySQLi\Connection->execute('UPDATE buku SET Judul=\'yusril\', ID_Pengarang=\'219\', ID_Penerbit=\'101\', ISBN =\'1212\',Tahun_Terbit=\'1212\', Rak=\'121\' WHERE Kode=\'1212\'')
 3 SYSTEMPATH\Database\BaseConnection.php(605): CodeIgniter\Database\BaseConnection->simpleQuery('UPDATE buku SET Judul=\'yusril\', ID_Pengarang=\'219\', ID_Penerbit=\'101\', ISBN =\'1212\',Tahun_Terbit=\'1212\', Rak=\'121\' WHERE Kode=\'1212\'')
 4 APPPATH\Models\Mdata.php(108): CodeIgniter\Database\BaseConnection->query('UPDATE buku SET Judul=\'yusril\', ID_Pengarang=\'219\', ID_Penerbit=\'101\', ISBN =\'1212\',Tahun_Terbit=\'1212\', Rak=\'121\' WHERE Kode=\'1212\'')
 5 APPPATH\Controllers\Basis.php(142): App\Models\Mdata->UpdateData('1212', 'yusril', '1212', '219', '101', '1212', '121')
 6 SYSTEMPATH\CodeIgniter.php(934): App\Controllers\Basis->UpdateData()
 7 SYSTEMPATH\CodeIgniter.php(499): CodeIgniter\CodeIgniter->runController(Object(App\Controllers\Basis))
 8 SYSTEMPATH\CodeIgniter.php(368): CodeIgniter\CodeIgniter->handleRequest(null, Object(Config\Cache), false)
 9 FCPATH\index.php(67): CodeIgniter\CodeIgniter->run()
ERROR - 2023-05-17 15:33:47 --> mysqli_sql_exception: Unknown column 'Kode' in 'where clause' in C:\xampp\htdocs\pw9\system\Database\MySQLi\Connection.php:295
Stack trace:
#0 C:\xampp\htdocs\pw9\system\Database\MySQLi\Connection.php(295): mysqli->query('UPDATE buku SET...', 0)
#1 C:\xampp\htdocs\pw9\system\Database\BaseConnection.php(691): CodeIgniter\Database\MySQLi\Connection->execute('UPDATE buku SET...')
#2 C:\xampp\htdocs\pw9\system\Database\BaseConnection.php(605): CodeIgniter\Database\BaseConnection->simpleQuery('UPDATE buku SET...')
#3 C:\xampp\htdocs\pw9\app\Models\Mdata.php(108): CodeIgniter\Database\BaseConnection->query('UPDATE buku SET...')
#4 C:\xampp\htdocs\pw9\app\Controllers\Basis.php(142): App\Models\Mdata->UpdateData('1212', 'yusril', '1212', '219', '101', '1212', '121')
#5 C:\xampp\htdocs\pw9\system\CodeIgniter.php(934): App\Controllers\Basis->UpdateData()
#6 C:\xampp\htdocs\pw9\system\CodeIgniter.php(499): CodeIgniter\CodeIgniter->runController(Object(App\Controllers\Basis))
#7 C:\xampp\htdocs\pw9\system\CodeIgniter.php(368): CodeIgniter\CodeIgniter->handleRequest(NULL, Object(Config\Cache), false)
#8 C:\xampp\htdocs\pw9\index.php(67): CodeIgniter\CodeIgniter->run()
#9 {main}
CRITICAL - 2023-05-17 15:33:47 --> Unknown column 'Kode' in 'where clause'
in SYSTEMPATH\Database\MySQLi\Connection.php on line 295.
 1 SYSTEMPATH\Database\MySQLi\Connection.php(295): mysqli->query('UPDATE buku SET Judul=\'yusril\', ID_Pengarang=\'219\', ID_Penerbit=\'101\', ISBN =\'1212\',Tahun_Terbit=\'1212\', Rak=\'121\' WHERE Kode=\'1212\'', 0)
 2 SYSTEMPATH\Database\BaseConnection.php(691): CodeIgniter\Database\MySQLi\Connection->execute('UPDATE buku SET Judul=\'yusril\', ID_Pengarang=\'219\', ID_Penerbit=\'101\', ISBN =\'1212\',Tahun_Terbit=\'1212\', Rak=\'121\' WHERE Kode=\'1212\'')
 3 SYSTEMPATH\Database\BaseConnection.php(605): CodeIgniter\Database\BaseConnection->simpleQuery('UPDATE buku SET Judul=\'yusril\', ID_Pengarang=\'219\', ID_Penerbit=\'101\', ISBN =\'1212\',Tahun_Terbit=\'1212\', Rak=\'121\' WHERE Kode=\'1212\'')
 4 APPPATH\Models\Mdata.php(108): CodeIgniter\Database\BaseConnection->query('UPDATE buku SET Judul=\'yusril\', ID_Pengarang=\'219\', ID_Penerbit=\'101\', ISBN =\'1212\',Tahun_Terbit=\'1212\', Rak=\'121\' WHERE Kode=\'1212\'')
 5 APPPATH\Controllers\Basis.php(142): App\Models\Mdata->UpdateData('1212', 'yusril', '1212', '219', '101', '1212', '121')
 6 SYSTEMPATH\CodeIgniter.php(934): App\Controllers\Basis->UpdateData()
 7 SYSTEMPATH\CodeIgniter.php(499): CodeIgniter\CodeIgniter->runController(Object(App\Controllers\Basis))
 8 SYSTEMPATH\CodeIgniter.php(368): CodeIgniter\CodeIgniter->handleRequest(null, Object(Config\Cache), false)
 9 FCPATH\index.php(67): CodeIgniter\CodeIgniter->run()
